<?xml version="1.0" encoding="UTF-8"?>
<!-- Generated by org.testng.reporters.JUnitXMLReporter -->
<testsuite hostname="BRIDT-1605" ignored="0" name="IETest" tests="3" failures="0" timestamp="30 Aug 2017 08:43:09 GMT" time="93.282" errors="0">
  <testcase name="method1" time="25.949" classname="com.amazon.test.AmazonTest1"/>
  <testcase name="method2" time="0.001" classname="com.amazon.test.AmazonTest1"/>
  <testcase name="method3" time="0.004" classname="com.amazon.test.AmazonTest1"/>
</testsuite> <!-- IETest -->
