<?xml version="1.0" encoding="UTF-8"?>
<!-- Generated by org.testng.reporters.JUnitXMLReporter -->
<testsuite hostname="BRIDT-1605" ignored="0" name="Test" tests="3" failures="0" timestamp="27 Jul 2017 07:10:10 GMT" time="62.641" errors="0">
  <testcase name="method1" time="0.009" classname="com.amazon.test.AmazonTest1"/>
  <testcase name="method2" time="0.001" classname="com.amazon.test.AmazonTest1"/>
  <testcase name="method3" time="0.001" classname="com.amazon.test.AmazonTest1"/>
</testsuite> <!-- Test -->
