<?xml version="1.0" encoding="UTF-8"?>
<testng-results skipped="0" failed="0" ignored="0" total="3" passed="3">
  <reporter-output>
  </reporter-output>
  <suite name="Suite" duration-ms="93282" started-at="2017-08-30T08:41:36Z" finished-at="2017-08-30T08:43:09Z">
    <groups>
    </groups>
    <test name="IETest" duration-ms="93282" started-at="2017-08-30T08:41:36Z" finished-at="2017-08-30T08:43:09Z">
      <class name="com.amazon.test.AmazonTest1">
        <test-method status="PASS" signature="getStart()[pri:0, instance:com.amazon.test.AmazonTest1@1d4520b]" name="getStart" is-config="true" duration-ms="56721" started-at="2017-08-30T14:11:36Z" finished-at="2017-08-30T14:12:33Z">
          <reporter-output>
          </reporter-output>
        </test-method> <!-- getStart -->
        <test-method status="PASS" signature="method1()[pri:0, instance:com.amazon.test.AmazonTest1@1d4520b]" name="method1" duration-ms="25949" started-at="2017-08-30T14:12:33Z" finished-at="2017-08-30T14:12:58Z">
          <reporter-output>
          </reporter-output>
        </test-method> <!-- method1 -->
        <test-method status="PASS" signature="method2()[pri:0, instance:com.amazon.test.AmazonTest1@1d4520b]" name="method2" duration-ms="1" started-at="2017-08-30T14:12:58Z" finished-at="2017-08-30T14:12:58Z">
          <reporter-output>
          </reporter-output>
        </test-method> <!-- method2 -->
        <test-method status="PASS" signature="method3()[pri:0, instance:com.amazon.test.AmazonTest1@1d4520b]" name="method3" duration-ms="4" started-at="2017-08-30T14:12:58Z" finished-at="2017-08-30T14:12:58Z">
          <reporter-output>
          </reporter-output>
        </test-method> <!-- method3 -->
        <test-method status="PASS" signature="tearDown()[pri:0, instance:com.amazon.test.AmazonTest1@1d4520b]" name="tearDown" is-config="true" duration-ms="10490" started-at="2017-08-30T14:12:58Z" finished-at="2017-08-30T14:13:09Z">
          <reporter-output>
          </reporter-output>
        </test-method> <!-- tearDown -->
      </class> <!-- com.amazon.test.AmazonTest1 -->
    </test> <!-- IETest -->
  </suite> <!-- Suite -->
</testng-results>
